scalars
latCell
lonCell
xCell
yCell
zCell
indexToCellID
latEdge
lonEdge
xEdge
yEdge
zEdge
indexToEdgeID
latVertex
lonVertex
xVertex
yVertex
zVertex
indexToVertexID
cellsOnEdge
nEdgesOnCell
nEdgesOnEdge
edgesOnCell
edgesOnEdge
weightsOnEdge
dvEdge
dcEdge
angleEdge
areaCell
areaTriangle
cellsOnCell
verticesOnCell
verticesOnEdge
edgesOnVertex
cellsOnVertex
kiteAreasOnVertex
meshDensity
zgrid
fzm
fzp
zz
xtime
u
w
pressure
surface_pressure
rho
theta
relhum
divergence
vorticity
ke
uReconstructZonal
uReconstructMeridional
rainc
rainnc
graupelnc
snownc
refl10cm_max
precipw
cuprec
nca
cldfrac
cldfract
cldfracwcu
cldfracwcut
cldfrac_dp
cldfrac_sh
qc_cu
qi_cu
rqvdynten
kpbl
hpbl
hfx
mol
qfx
lh
u10
v10
q2
qsfc
t2m
t2anl
rh2anl
snoanl
lai_modis
vegpx
lai_px
wwlt_px
wfc_px
wsat_px
clay_px
csand_px
fmsand_px
znt
sfc_albedo
gsw
swdnb
swcf
glw
lwdnb
lwcf
olrtoa
xland
snow
snowh
sst
skintemp
vegfra
xice
smois
tslb
